1770868413135;Tsoa;upload;smartdrive_upload_18166315136020077938_01-Plpgsql.pdf (181641 bytes)
1770875385651;Tsoa;share_request;owner=micka file=metyfona.txt resp=OK pending
1770875398507;Tsoa;delete;smartdrive_upload_18166315136020077938_01-Plpgsql.pdf -> trashId=1770875398494_smartdrive_upload_18166315136020077938_01-Plpgsql.pdf
1770875400822;Tsoa;trash_restore;id=1770875398494_smartdrive_upload_18166315136020077938_01-Plpgsql.pdf
1770918287927;bob;share_request;owner=Tsoa file=smartdrive_upload_18166315136020077938_01-Plpgsql.pdf resp=OK pending
1770918342390;Tsoa;upload;run-javafx.sh (941 bytes)
1770918347240;Tsoa;download;run-javafx.sh (941 bytes)
1770918973292;Tsoa;download_as;bob/monfichier.txt (262 bytes)
1770918976079;Tsoa;share_request;owner=bob file=smartdrive_upload_15001128371423950685_Vue_Ensemble_MCB Madagascar (11).pdf resp=OK pending
1770919009396;Tsoa;upload;Serveur.java (2084 bytes)
1770919030155;micka;download;smartdrive_upload_13750722543614221553_README.pdf (4518 bytes)
1770919378721;bob;upload;Robinson (1).pdf (109238 bytes)
1770919391606;bob;download;smartdrive_upload_15001128371423950685_Vue_Ensemble_MCB Madagascar (11).pdf (38630 bytes)
1770919610700;bob;download;smartdrive_upload_15001128371423950685_Vue_Ensemble_MCB Madagascar (11).pdf (38630 bytes)
1770919673085;bob;download;Robinson (1).pdf (109238 bytes)
1770919674972;bob;download;smartdrive_upload_15001128371423950685_Vue_Ensemble_MCB Madagascar (11).pdf (38630 bytes)
1770919940615;bob;download;smartdrive_upload_15001128371423950685_Vue_Ensemble_MCB Madagascar (11).pdf (38630 bytes)
1770920007940;bob;upload;data.txt (36 bytes)
1770920092466;Tsoa;admin_set_quota;bob=52319247
1770920100390;Tsoa;admin_set_quota;bob=523192474
1770920414058;bob;upload;icon.jpg (11994 bytes)
1770920441276;bob;upload;smartdrive_upload_17746769606598387455_README-1.pdf (4803 bytes)
1770920476113;bob;upload;Capture dՎcran du 2026-01-27 11-30-30.png (57430 bytes)
1770920723855;bob;download;icon.jpg (11994 bytes)
1770920728631;bob;download;Capture dՎcran du 2026-01-27 11-30-30.png (57430 bytes)
